<?xml version="1.0" encoding="UTF-8"?>
<testsuite name="com.polarbookshop.configservice.ConfigServiceApplicationTests" tests="2" skipped="1" failures="0" errors="0" timestamp="2024-08-20T13:16:14" hostname="Jinhyungui-MacBookPro.local" time="0.147">
  <properties/>
  <testcase name="defaultConfigurationAvailable()" classname="com.polarbookshop.configservice.ConfigServiceApplicationTests" time="0.0">
    <skipped/>
  </testcase>
  <testcase name="contextLoads()" classname="com.polarbookshop.configservice.ConfigServiceApplicationTests" time="0.147"/>
  <system-out><![CDATA[22:16:11.574 [Test worker] DEBUG org.springframework.test.context.BootstrapUtils - Instantiating CacheAwareContextLoaderDelegate from class [org.springframework.test.context.cache.DefaultCacheAwareContextLoaderDelegate]
22:16:11.578 [Test worker] DEBUG org.springframework.test.context.BootstrapUtils - Instantiating BootstrapContext using constructor [public org.springframework.test.context.support.DefaultBootstrapContext(java.lang.Class,org.springframework.test.context.CacheAwareContextLoaderDelegate)]
22:16:11.590 [Test worker] DEBUG org.springframework.test.context.BootstrapUtils - Instantiating TestContextBootstrapper for test class [com.polarbookshop.configservice.ConfigServiceApplicationTests] from class [org.springframework.boot.test.context.SpringBootTestContextBootstrapper]
22:16:11.594 [Test worker] INFO org.springframework.boot.test.context.SpringBootTestContextBootstrapper - Neither @ContextConfiguration nor @ContextHierarchy found for test class [com.polarbookshop.configservice.ConfigServiceApplicationTests], using SpringBootContextLoader
22:16:11.596 [Test worker] DEBUG org.springframework.test.context.support.AbstractContextLoader - Did not detect default resource location for test class [com.polarbookshop.configservice.ConfigServiceApplicationTests]: class path resource [com/polarbookshop/configservice/ConfigServiceApplicationTests-context.xml] does not exist
22:16:11.596 [Test worker] DEBUG org.springframework.test.context.support.AbstractContextLoader - Did not detect default resource location for test class [com.polarbookshop.configservice.ConfigServiceApplicationTests]: class path resource [com/polarbookshop/configservice/ConfigServiceApplicationTestsContext.groovy] does not exist
22:16:11.596 [Test worker] INFO org.springframework.test.context.support.AbstractContextLoader - Could not detect default resource locations for test class [com.polarbookshop.configservice.ConfigServiceApplicationTests]: no resource found for suffixes {-context.xml, Context.groovy}.
22:16:11.596 [Test worker] INFO org.springframework.test.context.support.AnnotationConfigContextLoaderUtils - Could not detect default configuration classes for test class [com.polarbookshop.configservice.ConfigServiceApplicationTests]: ConfigServiceApplicationTests does not declare any static, non-private, non-final, nested classes annotated with @Configuration.
22:16:11.610 [Test worker] DEBUG org.springframework.test.context.support.ActiveProfilesUtils - Could not find an 'annotation declaring class' for annotation type [org.springframework.test.context.ActiveProfiles] and class [com.polarbookshop.configservice.ConfigServiceApplicationTests]
22:16:11.634 [Test worker] DEBUG org.springframework.context.annotation.ClassPathScanningCandidateComponentProvider - Identified candidate component class: file [/Users/ahn/DEV/workspace/cloud-study/cloud-study-config-service/build/classes/java/main/com/polarbookshop/configservice/ConfigServiceApplication.class]
22:16:11.635 [Test worker] INFO org.springframework.boot.test.context.SpringBootTestContextBootstrapper - Found @SpringBootConfiguration com.polarbookshop.configservice.ConfigServiceApplication for test class com.polarbookshop.configservice.ConfigServiceApplicationTests
22:16:11.663 [Test worker] DEBUG org.springframework.boot.test.context.SpringBootTestContextBootstrapper - @TestExecutionListeners is not present for class [com.polarbookshop.configservice.ConfigServiceApplicationTests]: using defaults.
22:16:11.663 [Test worker] INFO org.springframework.boot.test.context.SpringBootTestContextBootstrapper - Loaded default TestExecutionListener class names from location [META-INF/spring.factories]: [org.springframework.boot.test.autoconfigure.restdocs.RestDocsTestExecutionListener, org.springframework.boot.test.autoconfigure.web.client.MockRestServiceServerResetTestExecutionListener, org.springframework.boot.test.autoconfigure.web.servlet.MockMvcPrintOnlyOnFailureTestExecutionListener, org.springframework.boot.test.autoconfigure.web.servlet.WebDriverTestExecutionListener, org.springframework.boot.test.autoconfigure.webservices.client.MockWebServiceServerTestExecutionListener, org.springframework.boot.test.mock.mockito.MockitoTestExecutionListener, org.springframework.boot.test.mock.mockito.ResetMocksTestExecutionListener, org.springframework.test.context.web.ServletTestExecutionListener, org.springframework.test.context.support.DirtiesContextBeforeModesTestExecutionListener, org.springframework.test.context.event.ApplicationEventsTestExecutionListener, org.springframework.test.context.support.DependencyInjectionTestExecutionListener, org.springframework.test.context.support.DirtiesContextTestExecutionListener, org.springframework.test.context.transaction.TransactionalTestExecutionListener, org.springframework.test.context.jdbc.SqlScriptsTestExecutionListener, org.springframework.test.context.event.EventPublishingTestExecutionListener]
22:16:11.666 [Test worker] DEBUG org.springframework.boot.test.context.SpringBootTestContextBootstrapper - Skipping candidate TestExecutionListener [org.springframework.test.context.transaction.TransactionalTestExecutionListener] due to a missing dependency. Specify custom listener classes or make the default listener classes and their required dependencies available. Offending class: [org/springframework/transaction/interceptor/TransactionAttributeSource]
22:16:11.667 [Test worker] DEBUG org.springframework.boot.test.context.SpringBootTestContextBootstrapper - Skipping candidate TestExecutionListener [org.springframework.test.context.jdbc.SqlScriptsTestExecutionListener] due to a missing dependency. Specify custom listener classes or make the default listener classes and their required dependencies available. Offending class: [org/springframework/transaction/interceptor/TransactionAttribute]
22:16:11.667 [Test worker] INFO org.springframework.boot.test.context.SpringBootTestContextBootstrapper - Using TestExecutionListeners: [org.springframework.test.context.web.ServletTestExecutionListener@47605f2f, org.springframework.test.context.support.DirtiesContextBeforeModesTestExecutionListener@2ece4966, org.springframework.test.context.event.ApplicationEventsTestExecutionListener@1dd0e7c4, org.springframework.boot.test.mock.mockito.MockitoTestExecutionListener@7894f09b, org.springframework.boot.test.autoconfigure.SpringBootDependencyInjectionTestExecutionListener@3d484181, org.springframework.test.context.support.DirtiesContextTestExecutionListener@6111ba37, org.springframework.test.context.event.EventPublishingTestExecutionListener@7be58f16, org.springframework.boot.test.autoconfigure.restdocs.RestDocsTestExecutionListener@242aa8d9, org.springframework.boot.test.autoconfigure.web.client.MockRestServiceServerResetTestExecutionListener@5b11a194, org.springframework.boot.test.autoconfigure.web.servlet.MockMvcPrintOnlyOnFailureTestExecutionListener@37bd68c3, org.springframework.boot.test.autoconfigure.web.servlet.WebDriverTestExecutionListener@60f7cc1d, org.springframework.boot.test.autoconfigure.webservices.client.MockWebServiceServerTestExecutionListener@11eadcba, org.springframework.boot.test.mock.mockito.ResetMocksTestExecutionListener@4721d212]
22:16:11.668 [Test worker] DEBUG org.springframework.test.context.support.AbstractDirtiesContextTestExecutionListener - Before test class: context [DefaultTestContext@53f48368 testClass = ConfigServiceApplicationTests, testInstance = [null], testMethod = [null], testException = [null], mergedContextConfiguration = [WebMergedContextConfiguration@24d4d7c9 testClass = ConfigServiceApplicationTests, locations = '{}', classes = '{class com.polarbookshop.configservice.ConfigServiceApplication}', contextInitializerClasses = '[]', activeProfiles = '{}', propertySourceLocations = '{}', propertySourceProperties = '{org.springframework.boot.test.context.SpringBootTestContextBootstrapper=true, server.port=0}', contextCustomizers = set[org.springframework.boot.test.autoconfigure.actuate.metrics.MetricsExportContextCustomizerFactory$DisableMetricExportContextCustomizer@31ff43be, org.springframework.boot.test.autoconfigure.properties.PropertyMappingContextCustomizer@0, org.springframework.boot.test.autoconfigure.web.servlet.WebDriverContextCustomizerFactory$Customizer@6af9fcb2, org.springframework.boot.test.context.filter.ExcludeFilterContextCustomizer@1046d517, org.springframework.boot.test.json.DuplicateJsonObjectContextCustomizerFactory$DuplicateJsonObjectContextCustomizer@21337f7b, org.springframework.boot.test.mock.mockito.MockitoContextCustomizer@0, org.springframework.boot.test.web.client.TestRestTemplateContextCustomizer@7b420819, org.springframework.boot.test.context.SpringBootTestArgs@1, org.springframework.boot.test.context.SpringBootTestWebEnvironment@50caa560], resourceBasePath = 'src/main/webapp', contextLoader = 'org.springframework.boot.test.context.SpringBootContextLoader', parent = [null]], attributes = map['org.springframework.test.context.web.ServletTestExecutionListener.activateListener' -> false]], class annotated with @DirtiesContext [false] with mode [null].
22:16:11.672 [Test worker] DEBUG org.springframework.test.context.support.DependencyInjectionTestExecutionListener - Performing dependency injection for test context [[DefaultTestContext@53f48368 testClass = ConfigServiceApplicationTests, testInstance = com.polarbookshop.configservice.ConfigServiceApplicationTests@73ff4fae, testMethod = [null], testException = [null], mergedContextConfiguration = [WebMergedContextConfiguration@24d4d7c9 testClass = ConfigServiceApplicationTests, locations = '{}', classes = '{class com.polarbookshop.configservice.ConfigServiceApplication}', contextInitializerClasses = '[]', activeProfiles = '{}', propertySourceLocations = '{}', propertySourceProperties = '{org.springframework.boot.test.context.SpringBootTestContextBootstrapper=true, server.port=0}', contextCustomizers = set[org.springframework.boot.test.autoconfigure.actuate.metrics.MetricsExportContextCustomizerFactory$DisableMetricExportContextCustomizer@31ff43be, org.springframework.boot.test.autoconfigure.properties.PropertyMappingContextCustomizer@0, org.springframework.boot.test.autoconfigure.web.servlet.WebDriverContextCustomizerFactory$Customizer@6af9fcb2, org.springframework.boot.test.context.filter.ExcludeFilterContextCustomizer@1046d517, org.springframework.boot.test.json.DuplicateJsonObjectContextCustomizerFactory$DuplicateJsonObjectContextCustomizer@21337f7b, org.springframework.boot.test.mock.mockito.MockitoContextCustomizer@0, org.springframework.boot.test.web.client.TestRestTemplateContextCustomizer@7b420819, org.springframework.boot.test.context.SpringBootTestArgs@1, org.springframework.boot.test.context.SpringBootTestWebEnvironment@50caa560], resourceBasePath = 'src/main/webapp', contextLoader = 'org.springframework.boot.test.context.SpringBootContextLoader', parent = [null]], attributes = map['org.springframework.test.context.web.ServletTestExecutionListener.activateListener' -> false, 'org.springframework.test.context.event.ApplicationEventsTestExecutionListener.recordApplicationEvents' -> false]]].

  .   ____          _            __ _ _
 /\\ / ___'_ __ _ _(_)_ __  __ _ \ \ \ \
( ( )\___ | '_ | '_| | '_ \/ _` | \ \ \ \
 \\/  ___)| |_)| | | | | || (_| |  ) ) ) )
  '  |____| .__|_| |_|_| |_\__, | / / / /
 =========|_|==============|___/=/_/_/_/
 :: Spring Boot ::               (v2.7.18)

2024-08-20 22:16:11.818  INFO 15516 --- [    Test worker] c.p.c.ConfigServiceApplicationTests      : Starting ConfigServiceApplicationTests using Java 17.0.12 on Jinhyungui-MacBookPro.local with PID 15516 (started by ahn in /Users/ahn/DEV/workspace/cloud-study/cloud-study-config-service)
2024-08-20 22:16:11.819  INFO 15516 --- [    Test worker] c.p.c.ConfigServiceApplicationTests      : No active profile set, falling back to 1 default profile: "default"
2024-08-20 22:16:12.136  INFO 15516 --- [    Test worker] o.s.cloud.context.scope.GenericScope     : BeanFactory id=ce98695b-5bc1-317c-b94d-53c99b6647c0
2024-08-20 22:16:12.299  INFO 15516 --- [    Test worker] o.s.b.w.embedded.tomcat.TomcatWebServer  : Tomcat initialized with port(s): 0 (http)
2024-08-20 22:16:12.304  INFO 15516 --- [    Test worker] o.apache.catalina.core.StandardService   : Starting service [Tomcat]
2024-08-20 22:16:12.304  INFO 15516 --- [    Test worker] org.apache.catalina.core.StandardEngine  : Starting Servlet engine: [Apache Tomcat/9.0.83]
2024-08-20 22:16:12.357  INFO 15516 --- [    Test worker] o.a.c.c.C.[Tomcat].[localhost].[/]       : Initializing Spring embedded WebApplicationContext
2024-08-20 22:16:12.357  INFO 15516 --- [    Test worker] w.s.c.ServletWebServerApplicationContext : Root WebApplicationContext: initialization completed in 529 ms
2024-08-20 22:16:14.069  INFO 15516 --- [    Test worker] o.s.b.w.embedded.tomcat.TomcatWebServer  : Tomcat started on port(s): 49658 (http) with context path ''
2024-08-20 22:16:14.078  INFO 15516 --- [    Test worker] c.p.c.ConfigServiceApplicationTests      : Started ConfigServiceApplicationTests in 2.396 seconds (JVM running for 2.804)
]]></system-out>
  <system-err><![CDATA[]]></system-err>
</testsuite>
